Arguments: 
  C:\Program Files\nodejs\node.exe C:\Users\Ludovic\AppData\Roaming\npm\node_modules\yarn\bin\yarn.js add Sequelize

PATH: 
  C:\Users\Ludovic\AppData\Roaming\npm;C:\Program Files\nodejs\;C:\Program Files (x86)\Common Files\Oracle\Java\javapath;C:\Windows\system32;C:\Windows;C:\Windows\System32\Wbem;C:\Windows\System32\WindowsPowerShell\v1.0\;C:\Windows\System32\OpenSSH\;C:\ProgramData\chocolatey\bin;C:\Program Files\Git\cmd;C:\Program Files\nodejs\;C:\Python39\Scripts\;C:\Python39\;C:\Users\Ludovic\AppData\Local\Programs\Python\Python39\Scripts\;C:\Users\Ludovic\AppData\Local\Programs\Python\Python39\;C:\Users\Ludovic\AppData\Local\Microsoft\WindowsApps;C:\Users\Ludovic\AppData\Local\Programs\Microsoft VS Code\bin;C:\Users\Ludovic\AppData\Local\atom\bin;C:\Users\Ludovic\AppData\Local\GitHubDesktop\bin;C:\Users\Ludovic\AppData\Roaming\npm

Yarn version: 
  1.22.10

Node version: 
  16.3.0

Platform: 
  win32 x64

Trace: 
  Error: https://registry.yarnpkg.com/Sequelize: Not found
      at Request.params.callback [as _callback] (C:\Users\Ludovic\AppData\Roaming\npm\node_modules\yarn\lib\cli.js:66988:18)
      at Request.self.callback (C:\Users\Ludovic\AppData\Roaming\npm\node_modules\yarn\lib\cli.js:140662:22)
      at Request.emit (node:events:394:28)
      at Request.<anonymous> (C:\Users\Ludovic\AppData\Roaming\npm\node_modules\yarn\lib\cli.js:141634:10)
      at Request.emit (node:events:394:28)
      at IncomingMessage.<anonymous> (C:\Users\Ludovic\AppData\Roaming\npm\node_modules\yarn\lib\cli.js:141556:12)
      at Object.onceWrapper (node:events:513:28)
      at IncomingMessage.emit (node:events:406:35)
      at endReadableNT (node:internal/streams/readable:1329:12)
      at processTicksAndRejections (node:internal/process/task_queues:83:21)

npm manifest: 
  {
    "name": "mr_bot",
    "version": "1.1.2",
    "main": "mr-bot.js",
    "repository": "https://github.com/Ludo-code/Mr_BOT.git",
    "author": "Ludo-Code <ludovic.berthet9492@gmail.com>",
    "license": "MIT",
    "dependencies": {
      "booru": "^2.4.0",
      "discord-akairo": "^8.1.0",
      "discord.js": "^12.5.3",
      "discord.js-pagination": "^1.0.3",
      "node-fetch": "^2.6.1",
      "yarn": "^1.22.10"
    }
  }

yarn manifest: 
  No manifest

Lockfile: 
  # THIS IS AN AUTOGENERATED FILE. DO NOT EDIT THIS FILE DIRECTLY.
  # yarn lockfile v1
  
  
  "@discordjs/collection@^0.1.6":
    "integrity" "sha512-utRNxnd9kSS2qhyivo9lMlt5qgAUasH2gb7BEOn6p0efFh24gjGomHzWKMAPn2hEReOPQZCJaRKoURwRotKucQ=="
    "resolved" "https://registry.npmjs.org/@discordjs/collection/-/collection-0.1.6.tgz"
    "version" "0.1.6"
  
  "@discordjs/form-data@^3.0.1":
    "integrity" "sha512-ZfFsbgEXW71Rw/6EtBdrP5VxBJy4dthyC0tpQKGKmYFImlmmrykO14Za+BiIVduwjte0jXEBlhSKf0MWbFp9Eg=="
    "resolved" "https://registry.npmjs.org/@discordjs/form-data/-/form-data-3.0.1.tgz"
    "version" "3.0.1"
    dependencies:
      "asynckit" "^0.4.0"
      "combined-stream" "^1.0.8"
      "mime-types" "^2.1.12"
  
  "abort-controller@^3.0.0":
    "integrity" "sha512-h8lQ8tacZYnR3vNQTgibj+tODHI5/+l06Au2Pcriv/Gmet0eaj4TwWH41sO9wnHDiQsEj19q0drzdWdeAHtweg=="
    "resolved" "https://registry.npmjs.org/abort-controller/-/abort-controller-3.0.0.tgz"
    "version" "3.0.0"
    dependencies:
      "event-target-shim" "^5.0.0"
  
  "asynckit@^0.4.0":
    "integrity" "sha1-x57Zf380y48robyXkLzDZkdLS3k="
    "resolved" "https://registry.npmjs.org/asynckit/-/asynckit-0.4.0.tgz"
    "version" "0.4.0"
  
  "booru@^2.4.0":
    "integrity" "sha512-CYawPyAd4l7JA5tq4HmTbu9xAB146aFyQ2xfhU+lHvg28+fsIP8XD2Al/VY9rgQqdE78EvaR2Lvc1AhbsSdSbA=="
    "resolved" "https://registry.npmjs.org/booru/-/booru-2.4.0.tgz"
    "version" "2.4.0"
    dependencies:
      "fast-xml-parser" "^3.17.4"
      "node-fetch" "^2.6.1"
  
  "combined-stream@^1.0.8":
    "integrity" "sha512-FQN4MRfuJeHf7cBbBMJFXhKSDq+2kAArBlmRBvcvFE5BB1HZKXtSFASDhdlz9zOYwxh8lDdnvmMOe/+5cdoEdg=="
    "resolved" "https://registry.npmjs.org/combined-stream/-/combined-stream-1.0.8.tgz"
    "version" "1.0.8"
    dependencies:
      "delayed-stream" "~1.0.0"
  
  "delayed-stream@~1.0.0":
    "integrity" "sha1-3zrhmayt+31ECqrgsp4icrJOxhk="
    "resolved" "https://registry.npmjs.org/delayed-stream/-/delayed-stream-1.0.0.tgz"
    "version" "1.0.0"
  
  "discord-akairo@^8.1.0":
    "integrity" "sha512-INWYmHo6NgyYx1ZKGSCmgznVfvkXpWGj4fGCGjO8IPkZ06Bidb9YKr4rXy2lwG0kprCjvqY0qbbhcw6N050abQ=="
    "resolved" "https://registry.npmjs.org/discord-akairo/-/discord-akairo-8.1.0.tgz"
    "version" "8.1.0"
  
  "discord.js-pagination@^1.0.3":
    "integrity" "sha512-n6wuNo3CclZdwRfc5LMInjcrN23iKnKQTtlpX3VXGRtNofawBeQroYhl7xotSmpkIlL2Uqwo13T11+hHdNJ/bQ=="
    "resolved" "https://registry.npmjs.org/discord.js-pagination/-/discord.js-pagination-1.0.3.tgz"
    "version" "1.0.3"
  
  "discord.js@^12.5.3":
    "integrity" "sha512-D3nkOa/pCkNyn6jLZnAiJApw2N9XrIsXUAdThf01i7yrEuqUmDGc7/CexVWwEcgbQR97XQ+mcnqJpmJ/92B4Aw=="
    "resolved" "https://registry.npmjs.org/discord.js/-/discord.js-12.5.3.tgz"
    "version" "12.5.3"
    dependencies:
      "@discordjs/collection" "^0.1.6"
      "@discordjs/form-data" "^3.0.1"
      "abort-controller" "^3.0.0"
      "node-fetch" "^2.6.1"
      "prism-media" "^1.2.9"
      "setimmediate" "^1.0.5"
      "tweetnacl" "^1.0.3"
      "ws" "^7.4.4"
  
  "event-target-shim@^5.0.0":
    "integrity" "sha512-i/2XbnSz/uxRCU6+NdVJgKWDTM427+MqYbkQzD321DuCQJUqOuJKIA0IM2+W2xtYHdKOmZ4dR6fExsd4SXL+WQ=="
    "resolved" "https://registry.npmjs.org/event-target-shim/-/event-target-shim-5.0.1.tgz"
    "version" "5.0.1"
  
  "fast-xml-parser@^3.17.4":
    "integrity" "sha512-lEvThd1Xq+CCylf1n+05bUZCDZjTufaaaqpxM3JZ+4iDqtlG+d/oKgtMmg9GEMOuzBgUoalIzFOaClht9YiGJQ=="
    "resolved" "https://registry.npmjs.org/fast-xml-parser/-/fast-xml-parser-3.17.5.tgz"
    "version" "3.17.5"
  
  "mime-db@1.47.0":
    "integrity" "sha512-QBmA/G2y+IfeS4oktet3qRZ+P5kPhCKRXxXnQEudYqUaEioAU1/Lq2us3D/t1Jfo4hE9REQPrbB7K5sOczJVIw=="
    "resolved" "https://registry.npmjs.org/mime-db/-/mime-db-1.47.0.tgz"
    "version" "1.47.0"
  
  "mime-types@^2.1.12":
    "integrity" "sha512-crmjA4bLtR8m9qLpHvgxSChT+XoSlZi8J4n/aIdn3z92e/U47Z0V/yl+Wh9W046GgFVAmoNR/fmdbZYcSSIUeg=="
    "resolved" "https://registry.npmjs.org/mime-types/-/mime-types-2.1.30.tgz"
    "version" "2.1.30"
    dependencies:
      "mime-db" "1.47.0"
  
  "node-fetch@^2.6.1":
    "integrity" "sha512-V4aYg89jEoVRxRb2fJdAg8FHvI7cEyYdVAh94HH0UIK8oJxUfkjlDQN9RbMx+bEjP7+ggMiFRprSti032Oipxw=="
    "resolved" "https://registry.npmjs.org/node-fetch/-/node-fetch-2.6.1.tgz"
    "version" "2.6.1"
  
  "prism-media@^1.2.9":
    "integrity" "sha512-UHCYuqHipbTR1ZsXr5eg4JUmHER8Ss4YEb9Azn+9zzJ7/jlTtD1h0lc4g6tNx3eMlB8Mp6bfll0LPMAV4R6r3Q=="
    "resolved" "https://registry.npmjs.org/prism-media/-/prism-media-1.2.9.tgz"
    "version" "1.2.9"
  
  "setimmediate@^1.0.5":
    "integrity" "sha1-KQy7Iy4waULX1+qbg3Mqt4VvgoU="
    "resolved" "https://registry.npmjs.org/setimmediate/-/setimmediate-1.0.5.tgz"
    "version" "1.0.5"
  
  "tweetnacl@^1.0.3":
    "integrity" "sha512-6rt+RN7aOi1nGMyC4Xa5DdYiukl2UWCbcJft7YhxReBGQD7OAM8Pbxw6YMo4r2diNEA8FEmu32YOn9rhaiE5yw=="
    "resolved" "https://registry.npmjs.org/tweetnacl/-/tweetnacl-1.0.3.tgz"
    "version" "1.0.3"
  
  "ws@^7.4.4":
    "integrity" "sha512-YmhHDO4MzaDLB+M9ym/mDA5z0naX8j7SIlT8f8z+I0VtzsRbekxEutHSme7NPS2qE8StCYQNUnfWdXta/Yu85A=="
    "resolved" "https://registry.npmjs.org/ws/-/ws-7.4.6.tgz"
    "version" "7.4.6"
  
  "yarn@^1.22.10":
    "integrity" "sha512-IanQGI9RRPAN87VGTF7zs2uxkSyQSrSPsju0COgbsKQOOXr5LtcVPeyXWgwVa0ywG3d8dg6kSYKGBuYK021qeA=="
    "resolved" "https://registry.npmjs.org/yarn/-/yarn-1.22.10.tgz"
    "version" "1.22.10"
